"maps\cs_cabaret.bsp"
"maps\graphs\cs_cabaret.ain"
"maps\cs_cabaret.nav"
"sound\cabaret\car1.wav"
"sound\cabaret\car2.wav"
"sound\cabaret\scratch.wav"
"sound\cabaret\telephone.wav"
"sound\cabaret\track1.wav"
"sound\cabaret\track2.wav"
"sound\cabaret\track3.wav"
"sound\hostage\hpain\hpain1.wav"
"sound\hostage\hpain\hpain2.wav"
"sound\hostage\hpain\hpain3.wav"
"sound\hostage\hpain\hpain4.wav"
"sound\hostage\hpain\hpain5.wav"
"sound\hostage\hpain\hpain6.wav"
"sound\hostage\hunuse\comeback.wav"
"sound\hostage\hunuse\dontleaveme.wav"
"sound\hostage\hunuse\illstayhere.wav"
"sound\hostage\hunuse\notleaveme.wav"
"sound\hostage\hunuse\yeahillstay.wav"
"sound\hostage\huse\getouttahere.wav"
"sound\hostage\huse\illfollow.wav"
"sound\hostage\huse\letsdoit.wav"
"sound\hostage\huse\letsgo.wav"
"sound\hostage\huse\letshurry.wav"
"sound\hostage\huse\letsmove.wav"
"sound\hostage\huse\okletsgo.wav"
"sound\hostage\huse\youlead.wav"
